<?xml version="1.0" encoding="UTF-8"?>
<!-- Generated by org.testng.reporters.JUnitXMLReporter -->
<testsuite ignored="2" hostname="NANY1203LP83ZP2" failures="0" tests="1" name="Default test" time="8.686" errors="0" timestamp="2022-03-04T22:56:24 EST">
  <testcase classname="com.selenium.WindowHandles" name="wHandleNewWindow" time="0.566"/>
  <testcase classname="com.selenium.WindowHandles" name="wHandleNewTab" time="0.0">
    <ignored/>
  </testcase> <!-- wHandleNewTab -->
  <testcase classname="com.selenium.WindowHandles" name="wHandleNewWindowMessage" time="0.0">
    <ignored/>
  </testcase> <!-- wHandleNewWindowMessage -->
</testsuite> <!-- Default test -->
