<?xml version="1.0" encoding="UTF-8"?>
<!-- Generated by org.testng.reporters.JUnitXMLReporter -->
<testsuite ignored="0" hostname="NANY1203LP83ZP2" failures="0" tests="3" name="Default test" time="20.921" errors="0" timestamp="2022-02-24T23:47:43 EST">
  <testcase classname="com.testing.GoogleTest" name="googleGmailLinkVerify" time="0.15"/>
  <testcase classname="com.testing.GoogleTest" name="googleLogoVerify" time="0.082"/>
  <testcase classname="com.testing.GoogleTest" name="googleTitleVerify" time="0.07"/>
</testsuite> <!-- Default test -->
