<?xml version="1.0" encoding="UTF-8"?>
<!-- Generated by org.testng.reporters.JUnitXMLReporter -->
<testsuite ignored="0" hostname="NANY1203LP83ZP2" failures="0" tests="5" name="Test" time="0.086" errors="0" timestamp="2022-02-24T17:27:52 EST">
  <testcase classname="com.testing.SampleTestNG" name="first" time="0.016"/>
  <testcase classname="com.testing.SampleTestNG" name="third" time="0.002"/>
  <testcase classname="com.testing.SampleTestNG" name="fourth" time="0.001"/>
  <testcase classname="com.testing.SampleTestNG" name="second" time="0.002"/>
  <testcase classname="com.testing.Testw" name="set" time="0.001"/>
</testsuite> <!-- Test -->
