<?xml version="1.0" encoding="UTF-8"?>
<!-- Generated by org.testng.reporters.JUnitXMLReporter -->
<testsuite ignored="0" hostname="NANY1203LP83ZP2" failures="0" tests="9" name="Test" time="0.954" errors="0" timestamp="2022-03-04T15:25:33 EST">
  <testcase classname="com.testing.SampleExtentReport" name="f1" time="0.024"/>
  <testcase classname="com.testing.SampleExtentReport" name="f2" time="0.015"/>
  <testcase classname="com.testing.SampleExtentReport" name="f3" time="0.006"/>
  <testcase classname="com.testing.SampleExtentReport" name="f4" time="0.007"/>
  <testcase classname="com.testing.SampleExtentReport" name="f5" time="0.003"/>
  <testcase classname="com.testing.SampleExtentReport" name="f6" time="0.002"/>
  <testcase classname="com.testing.SampleExtentReport" name="f7" time="0.002"/>
  <testcase classname="com.testing.SampleExtentReport" name="f8" time="0.02"/>
  <testcase classname="com.testing.SampleExtentReport" name="f9" time="0.001"/>
</testsuite> <!-- Test -->
