<?xml version="1.0" encoding="UTF-8"?>
<testng-results ignored="0" total="2" passed="2" failed="0" skipped="0">
  <reporter-output>
  </reporter-output>
  <suite started-at="2022-03-04T15:56:05 EST" name="Default suite" finished-at="2022-03-04T15:56:05 EST" duration-ms="120">
    <groups>
    </groups>
    <test started-at="2022-03-04T15:56:05 EST" name="Default test" finished-at="2022-03-04T15:56:05 EST" duration-ms="120">
      <class name="com.testing.HardSoftAssertions">
        <test-method signature="set()[pri:0, instance:com.testing.HardSoftAssertions@35aea049]" started-at="2022-03-04T15:56:05 EST" name="set" finished-at="2022-03-04T15:56:05 EST" duration-ms="26" status="PASS">
          <reporter-output>
          </reporter-output>
        </test-method> <!-- set -->
        <test-method signature="set1()[pri:0, instance:com.testing.HardSoftAssertions@35aea049]" started-at="2022-03-04T15:56:05 EST" name="set1" finished-at="2022-03-04T15:56:05 EST" depends-on-methods="com.testing.HardSoftAssertions.set" duration-ms="7" status="PASS">
          <reporter-output>
          </reporter-output>
        </test-method> <!-- set1 -->
      </class> <!-- com.testing.HardSoftAssertions -->
    </test> <!-- Default test -->
  </suite> <!-- Default suite -->
</testng-results>
