<?xml version="1.0" encoding="UTF-8"?>
<!-- Generated by org.testng.reporters.JUnitXMLReporter -->
<testsuite ignored="0" hostname="NANY1203LP83ZP2" failures="1" tests="1" name="FFTestcases" time="13.941" errors="0" timestamp="2022-02-26T11:34:45 EST">
  <testcase classname="com.testing.Crossbrowser" name="crossbrowser" time="13.889">
    <failure type="java.lang.AssertionError" message="expected [Google] but found [Facebook - Log In or Sign Up]">
      <![CDATA[java.lang.AssertionError: expected [Google] but found [Facebook - Log In or Sign Up]
at com.testing.Crossbrowser.crossbrowser(Crossbrowser.java:38)
at java.base/java.util.ArrayList.forEach(ArrayList.java:1511)
at java.base/java.util.concurrent.FutureTask.run(FutureTask.java:264)
at java.base/java.util.concurrent.ThreadPoolExecutor.runWorker(ThreadPoolExecutor.java:1130)
at java.base/java.util.concurrent.ThreadPoolExecutor$Worker.run(ThreadPoolExecutor.java:630)
at java.base/java.lang.Thread.run(Thread.java:831)
... Removed 24 stack frames]]>
    </failure>
  </testcase> <!-- crossbrowser -->
</testsuite> <!-- FFTestcases -->
