<?xml version="1.0" encoding="UTF-8"?>
<!-- Generated by org.testng.reporters.JUnitXMLReporter -->
<testsuite ignored="0" hostname="NANY1203LP83ZP2" failures="0" tests="4" name="Test1" time="18.237" errors="0" timestamp="2022-02-24T23:56:34 EST">
  <testcase classname="com.testing.SampleTest2" name="set" time="0.02"/>
  <testcase classname="com.testing.GoogleTest" name="googleGmailLinkVerify" time="0.088"/>
  <testcase classname="com.testing.GoogleTest" name="googleLogoVerify" time="0.075"/>
  <testcase classname="com.testing.GoogleTest" name="googleTitleVerify" time="0.012"/>
</testsuite> <!-- Test1 -->
