<?xml version="1.0" encoding="UTF-8"?>
<!-- Generated by org.testng.reporters.JUnitXMLReporter -->
<testsuite ignored="0" hostname="NANY1203LP83ZP2" failures="1" tests="1" name="Test1" time="4.397" errors="0" timestamp="2022-02-26T11:25:28 EST">
  <testcase classname="com.testing.Crossbrowser" name="crossbrowser" time="4.343">
    <failure type="java.lang.AssertionError" message="expected [Google] but found [WebDriver]">
      <![CDATA[java.lang.AssertionError: expected [Google] but found [WebDriver]
at com.testing.Crossbrowser.crossbrowser(Crossbrowser.java:38)
at java.base/java.util.ArrayList.forEach(ArrayList.java:1511)
... Removed 33 stack frames]]>
    </failure>
  </testcase> <!-- crossbrowser -->
</testsuite> <!-- Test1 -->
